<?xml version="1.0" encoding="UTF-8"?>
<!-- Generated by org.testng.reporters.JUnitReportReporter -->
<testsuite hostname="DESKTOP-NVEN0KO" failures="0" tests="4" name="testCase.ManageNewsTest" time="18.612" errors="0" timestamp="2025-05-06T12:06:05 IST" skipped="3">
  <testcase classname="testCase.ManageNewsTest" name="createMessage" time="18.612"/>
  <testcase classname="testCase.ManageNewsTest" name="updateMessage">
    <skipped/>
  </testcase> <!-- updateMessage -->
  <testcase classname="testCase.ManageNewsTest" name="deleteMessage">
    <skipped/>
  </testcase> <!-- deleteMessage -->
  <testcase classname="testCase.ManageNewsTest" name="searchMessage">
    <skipped/>
  </testcase> <!-- searchMessage -->
</testsuite> <!-- testCase.ManageNewsTest -->
